--6af54843-A--
[19/Apr/2024:13:11:29.929114 +0700] ZiILEQn7P_gWQqiIz8D_KgAAAAU 127.0.0.1 56174 127.0.0.1 80
--6af54843-B--
GET /?username=../../../../../etc/pass HTTP/1.1
Host: localhost
User-Agent: curl/7.81.0
Accept: */*

--6af54843-F--
HTTP/1.1 403 Forbidden
Content-Length: 274
Content-Type: text/html; charset=iso-8859-1

--6af54843-E--
<!DOCTYPE HTML PUBLIC "-//IETF//DTD HTML 2.0//EN">
<html><head>
<title>403 Forbidden</title>
</head><body>
<h1>Forbidden</h1>
<p>You don't have permission to access this resource.</p>
<hr>
<address>Apache/2.4.52 (Ubuntu) Server at localhost Port 80</address>
</body></html>

--6af54843-H--
Message: Warning. Pattern match "(?i)(?:[/\\x5c]|%(?:2(?:f|5(?:2f|5c|c(?:1%259c|0%25af))|%46)|5c|c(?:0%(?:[2aq]f|5c|9v)|1%(?:[19p]c|8s|af))|(?:bg%q|(?:e|f(?:8%8)?0%8)0%80%a)f|u(?:221[56]|EFC8|F025|002f)|%3(?:2(?:%(?:%6|4)6|F)|5%%63)|1u)|0x(?:2f|5c))(?:\\.(?:%0[01]|\\?)?|\\?\\.?|%(?:2( ..." at REQUEST_URI_RAW. [file "/usr/share/modsecurity-crs/rules/REQUEST-930-APPLICATION-ATTACK-LFI.conf"] [line "53"] [id "930100"] [msg "Path Traversal Attack (/../) or (/.../)"] [data "Matched Data: /../ found within REQUEST_URI_RAW: /?username=../../../../../etc/pass"] [severity "CRITICAL"] [ver "OWASP_CRS/4.2.0-dev"] [tag "application-multi"] [tag "language-multi"] [tag "platform-multi"] [tag "attack-lfi"] [tag "paranoia-level/1"] [tag "OWASP_CRS"] [tag "capec/1000/255/153/126"]
Message: Warning. Pattern match "(?i)(?:[/\\x5c]|%(?:2(?:f|5(?:2f|5c|c(?:1%259c|0%25af))|%46)|5c|c(?:0%(?:[2aq]f|5c|9v)|1%(?:[19p]c|8s|af))|(?:bg%q|(?:e|f(?:8%8)?0%8)0%80%a)f|u(?:221[56]|EFC8|F025|002f)|%3(?:2(?:%(?:%6|4)6|F)|5%%63)|1u)|0x(?:2f|5c))(?:\\.(?:%0[01]|\\?)?|\\?\\.?|%(?:2( ..." at ARGS:username. [file "/usr/share/modsecurity-crs/rules/REQUEST-930-APPLICATION-ATTACK-LFI.conf"] [line "53"] [id "930100"] [msg "Path Traversal Attack (/../) or (/.../)"] [data "Matched Data: /../ found within ARGS:username: ../../../../../etc/pass"] [severity "CRITICAL"] [ver "OWASP_CRS/4.2.0-dev"] [tag "application-multi"] [tag "language-multi"] [tag "platform-multi"] [tag "attack-lfi"] [tag "paranoia-level/1"] [tag "OWASP_CRS"] [tag "capec/1000/255/153/126"]
Message: Warning. Pattern match "(?:(?:^|[\\x5c/;])\\.{2,3}[\\x5c/;]|[\\x5c/;]\\.{2,3}(?:[\\x5c/;]|$))" at REQUEST_URI. [file "/usr/share/modsecurity-crs/rules/REQUEST-930-APPLICATION-ATTACK-LFI.conf"] [line "86"] [id "930110"] [msg "Path Traversal Attack (/../) or (/.../)"] [data "Matched Data: /../ found within REQUEST_URI: /?username=../../../../../etc/pass"] [severity "CRITICAL"] [ver "OWASP_CRS/4.2.0-dev"] [tag "application-multi"] [tag "language-multi"] [tag "platform-multi"] [tag "attack-lfi"] [tag "paranoia-level/1"] [tag "OWASP_CRS"] [tag "capec/1000/255/153/126"]
Message: Warning. Pattern match "(?:(?:^|[\\x5c/;])\\.{2,3}[\\x5c/;]|[\\x5c/;]\\.{2,3}(?:[\\x5c/;]|$))" at REQUEST_URI. [file "/usr/share/modsecurity-crs/rules/REQUEST-930-APPLICATION-ATTACK-LFI.conf"] [line "86"] [id "930110"] [msg "Path Traversal Attack (/../) or (/.../)"] [data "Matched Data: /../ found within REQUEST_URI: /?username=../../../../../etc/pass"] [severity "CRITICAL"] [ver "OWASP_CRS/4.2.0-dev"] [tag "application-multi"] [tag "language-multi"] [tag "platform-multi"] [tag "attack-lfi"] [tag "paranoia-level/1"] [tag "OWASP_CRS"] [tag "capec/1000/255/153/126"]
Message: Warning. Pattern match "(?:(?:^|[\\x5c/;])\\.{2,3}[\\x5c/;]|[\\x5c/;]\\.{2,3}(?:[\\x5c/;]|$))" at ARGS:username. [file "/usr/share/modsecurity-crs/rules/REQUEST-930-APPLICATION-ATTACK-LFI.conf"] [line "86"] [id "930110"] [msg "Path Traversal Attack (/../) or (/.../)"] [data "Matched Data: ../ found within ARGS:username: ../../../../../etc/pass"] [severity "CRITICAL"] [ver "OWASP_CRS/4.2.0-dev"] [tag "application-multi"] [tag "language-multi"] [tag "platform-multi"] [tag "attack-lfi"] [tag "paranoia-level/1"] [tag "OWASP_CRS"] [tag "capec/1000/255/153/126"]
Message: Warning. Pattern match "(?:(?:^|[\\x5c/;])\\.{2,3}[\\x5c/;]|[\\x5c/;]\\.{2,3}(?:[\\x5c/;]|$))" at ARGS:username. [file "/usr/share/modsecurity-crs/rules/REQUEST-930-APPLICATION-ATTACK-LFI.conf"] [line "86"] [id "930110"] [msg "Path Traversal Attack (/../) or (/.../)"] [data "Matched Data: ../ found within ARGS:username: ../../../../../etc/pass"] [severity "CRITICAL"] [ver "OWASP_CRS/4.2.0-dev"] [tag "application-multi"] [tag "language-multi"] [tag "platform-multi"] [tag "attack-lfi"] [tag "paranoia-level/1"] [tag "OWASP_CRS"] [tag "capec/1000/255/153/126"]
Message: Access denied with code 403 (phase 2). Operator GE matched 5 at TX:blocking_inbound_anomaly_score. [file "/usr/share/modsecurity-crs/rules/REQUEST-949-BLOCKING-EVALUATION.conf"] [line "233"] [id "949110"] [msg "Inbound Anomaly Score Exceeded (Total Score: 30)"] [ver "OWASP_CRS/4.2.0-dev"] [tag "anomaly-evaluation"] [tag "OWASP_CRS"]
Message: Warning. Unconditional match in SecAction. [file "/usr/share/modsecurity-crs/rules/RESPONSE-980-CORRELATION.conf"] [line "98"] [id "980170"] [msg "Anomaly Scores: (Inbound Scores: blocking=30, detection=30, per_pl=30-0-0-0, threshold=5) - (Outbound Scores: blocking=0, detection=0, per_pl=0-0-0-0, threshold=4) - (SQLI=0, XSS=0, RFI=0, LFI=30, RCE=0, PHPI=0, HTTP=0, SESS=0, COMBINED_SCORE=30)"] [ver "OWASP_CRS/4.2.0-dev"] [tag "reporting"] [tag "OWASP_CRS"]
Apache-Error: [file "apache2_util.c"] [line 271] [level 3] [client 127.0.0.1] ModSecurity: Warning. Pattern match "(?i)(?:[/\\\\\\\\x5c]|%(?:2(?:f|5(?:2f|5c|c(?:1%259c|0%25af))|%46)|5c|c(?:0%(?:[2aq]f|5c|9v)|1%(?:[19p]c|8s|af))|(?:bg%q|(?:e|f(?:8%8)?0%8)0%80%a)f|u(?:221[56]|EFC8|F025|002f)|%3(?:2(?:%(?:%6|4)6|F)|5%%63)|1u)|0x(?:2f|5c))(?:\\\\\\\\.(?:%0[01]|\\\\\\\\?)?|\\\\\\\\?\\\\\\\\.?|%(?:2( ..." at REQUEST_URI_RAW. [file "/usr/share/modsecurity-crs/rules/REQUEST-930-APPLICATION-ATTACK-LFI.conf"] [line "53"] [id "930100"] [msg "Path Traversal Attack (/../) or (/.../)"] [data "Matched Data: /../ found within REQUEST_URI_RAW: /?username=../../../../../etc/pass"] [severity "CRITICAL"] [ver "OWASP_CRS/4.2.0-dev"] [tag "application-multi"] [tag "language-multi"] [tag "platform-multi"] [tag "attack-lfi"] [tag "paranoia-level/1"] [tag "OWASP_CRS"] [tag "capec/1000/255/153/126"] [hostname "localhost"] [uri "/"] [unique_id "ZiILEQn7P_gWQqiIz8D_KgAAAAU"]
Apache-Error: [file "apache2_util.c"] [line 271] [level 3] [client 127.0.0.1] ModSecurity: Warning. Pattern match "(?i)(?:[/\\\\\\\\x5c]|%(?:2(?:f|5(?:2f|5c|c(?:1%259c|0%25af))|%46)|5c|c(?:0%(?:[2aq]f|5c|9v)|1%(?:[19p]c|8s|af))|(?:bg%q|(?:e|f(?:8%8)?0%8)0%80%a)f|u(?:221[56]|EFC8|F025|002f)|%3(?:2(?:%(?:%6|4)6|F)|5%%63)|1u)|0x(?:2f|5c))(?:\\\\\\\\.(?:%0[01]|\\\\\\\\?)?|\\\\\\\\?\\\\\\\\.?|%(?:2( ..." at ARGS:username. [file "/usr/share/modsecurity-crs/rules/REQUEST-930-APPLICATION-ATTACK-LFI.conf"] [line "53"] [id "930100"] [msg "Path Traversal Attack (/../) or (/.../)"] [data "Matched Data: /../ found within ARGS:username: ../../../../../etc/pass"] [severity "CRITICAL"] [ver "OWASP_CRS/4.2.0-dev"] [tag "application-multi"] [tag "language-multi"] [tag "platform-multi"] [tag "attack-lfi"] [tag "paranoia-level/1"] [tag "OWASP_CRS"] [tag "capec/1000/255/153/126"] [hostname "localhost"] [uri "/"] [unique_id "ZiILEQn7P_gWQqiIz8D_KgAAAAU"]
Apache-Error: [file "apache2_util.c"] [line 271] [level 3] [client 127.0.0.1] ModSecurity: Warning. Pattern match "(?:(?:^|[\\\\\\\\x5c/;])\\\\\\\\.{2,3}[\\\\\\\\x5c/;]|[\\\\\\\\x5c/;]\\\\\\\\.{2,3}(?:[\\\\\\\\x5c/;]|$))" at REQUEST_URI. [file "/usr/share/modsecurity-crs/rules/REQUEST-930-APPLICATION-ATTACK-LFI.conf"] [line "86"] [id "930110"] [msg "Path Traversal Attack (/../) or (/.../)"] [data "Matched Data: /../ found within REQUEST_URI: /?username=../../../../../etc/pass"] [severity "CRITICAL"] [ver "OWASP_CRS/4.2.0-dev"] [tag "application-multi"] [tag "language-multi"] [tag "platform-multi"] [tag "attack-lfi"] [tag "paranoia-level/1"] [tag "OWASP_CRS"] [tag "capec/1000/255/153/126"] [hostname "localhost"] [uri "/"] [unique_id "ZiILEQn7P_gWQqiIz8D_KgAAAAU"]
Apache-Error: [file "apache2_util.c"] [line 271] [level 3] [client 127.0.0.1] ModSecurity: Warning. Pattern match "(?:(?:^|[\\\\\\\\x5c/;])\\\\\\\\.{2,3}[\\\\\\\\x5c/;]|[\\\\\\\\x5c/;]\\\\\\\\.{2,3}(?:[\\\\\\\\x5c/;]|$))" at REQUEST_URI. [file "/usr/share/modsecurity-crs/rules/REQUEST-930-APPLICATION-ATTACK-LFI.conf"] [line "86"] [id "930110"] [msg "Path Traversal Attack (/../) or (/.../)"] [data "Matched Data: /../ found within REQUEST_URI: /?username=../../../../../etc/pass"] [severity "CRITICAL"] [ver "OWASP_CRS/4.2.0-dev"] [tag "application-multi"] [tag "language-multi"] [tag "platform-multi"] [tag "attack-lfi"] [tag "paranoia-level/1"] [tag "OWASP_CRS"] [tag "capec/1000/255/153/126"] [hostname "localhost"] [uri "/"] [unique_id "ZiILEQn7P_gWQqiIz8D_KgAAAAU"]
Apache-Error: [file "apache2_util.c"] [line 271] [level 3] [client 127.0.0.1] ModSecurity: Warning. Pattern match "(?:(?:^|[\\\\\\\\x5c/;])\\\\\\\\.{2,3}[\\\\\\\\x5c/;]|[\\\\\\\\x5c/;]\\\\\\\\.{2,3}(?:[\\\\\\\\x5c/;]|$))" at ARGS:username. [file "/usr/share/modsecurity-crs/rules/REQUEST-930-APPLICATION-ATTACK-LFI.conf"] [line "86"] [id "930110"] [msg "Path Traversal Attack (/../) or (/.../)"] [data "Matched Data: ../ found within ARGS:username: ../../../../../etc/pass"] [severity "CRITICAL"] [ver "OWASP_CRS/4.2.0-dev"] [tag "application-multi"] [tag "language-multi"] [tag "platform-multi"] [tag "attack-lfi"] [tag "paranoia-level/1"] [tag "OWASP_CRS"] [tag "capec/1000/255/153/126"] [hostname "localhost"] [uri "/"] [unique_id "ZiILEQn7P_gWQqiIz8D_KgAAAAU"]
Apache-Error: [file "apache2_util.c"] [line 271] [level 3] [client 127.0.0.1] ModSecurity: Warning. Pattern match "(?:(?:^|[\\\\\\\\x5c/;])\\\\\\\\.{2,3}[\\\\\\\\x5c/;]|[\\\\\\\\x5c/;]\\\\\\\\.{2,3}(?:[\\\\\\\\x5c/;]|$))" at ARGS:username. [file "/usr/share/modsecurity-crs/rules/REQUEST-930-APPLICATION-ATTACK-LFI.conf"] [line "86"] [id "930110"] [msg "Path Traversal Attack (/../) or (/.../)"] [data "Matched Data: ../ found within ARGS:username: ../../../../../etc/pass"] [severity "CRITICAL"] [ver "OWASP_CRS/4.2.0-dev"] [tag "application-multi"] [tag "language-multi"] [tag "platform-multi"] [tag "attack-lfi"] [tag "paranoia-level/1"] [tag "OWASP_CRS"] [tag "capec/1000/255/153/126"] [hostname "localhost"] [uri "/"] [unique_id "ZiILEQn7P_gWQqiIz8D_KgAAAAU"]
Apache-Error: [file "apache2_util.c"] [line 271] [level 3] [client 127.0.0.1] ModSecurity: Access denied with code 403 (phase 2). Operator GE matched 5 at TX:blocking_inbound_anomaly_score. [file "/usr/share/modsecurity-crs/rules/REQUEST-949-BLOCKING-EVALUATION.conf"] [line "233"] [id "949110"] [msg "Inbound Anomaly Score Exceeded (Total Score: 30)"] [ver "OWASP_CRS/4.2.0-dev"] [tag "anomaly-evaluation"] [tag "OWASP_CRS"] [hostname "localhost"] [uri "/"] [unique_id "ZiILEQn7P_gWQqiIz8D_KgAAAAU"]
Apache-Error: [file "apache2_util.c"] [line 271] [level 3] [client 127.0.0.1] ModSecurity: Warning. Unconditional match in SecAction. [file "/usr/share/modsecurity-crs/rules/RESPONSE-980-CORRELATION.conf"] [line "98"] [id "980170"] [msg "Anomaly Scores: (Inbound Scores: blocking=30, detection=30, per_pl=30-0-0-0, threshold=5) - (Outbound Scores: blocking=0, detection=0, per_pl=0-0-0-0, threshold=4) - (SQLI=0, XSS=0, RFI=0, LFI=30, RCE=0, PHPI=0, HTTP=0, SESS=0, COMBINED_SCORE=30)"] [ver "OWASP_CRS/4.2.0-dev"] [tag "reporting"] [tag "OWASP_CRS"] [hostname "localhost"] [uri "/"] [unique_id "ZiILEQn7P_gWQqiIz8D_KgAAAAU"]
Action: Intercepted (phase 2)
Stopwatch: 1713507089927329 1798 (- - -)
Stopwatch2: 1713507089927329 1798; combined=1285, p1=504, p2=700, p3=0, p4=0, p5=80, sr=0, sw=1, l=0, gc=0
Response-Body-Transformed: Dechunked
Producer: ModSecurity for Apache/2.9.5 (http://www.modsecurity.org/); OWASP_CRS/4.2.0-dev.
Server: Apache/2.4.52 (Ubuntu)
Engine-Mode: "ENABLED"

--6af54843-Z--

--fd5c7a7d-A--
[19/Apr/2024:13:11:59.741155 +0700] ZiILLwn7P_gWQqiIz8D_KwAAAAk 127.0.0.1 38480 127.0.0.1 80
--fd5c7a7d-B--
GET /?username=whoami HTTP/1.1
Host: localhost
User-Agent: curl/7.81.0
Accept: */*

--fd5c7a7d-F--
HTTP/1.1 403 Forbidden
Content-Length: 274
Content-Type: text/html; charset=iso-8859-1

--fd5c7a7d-E--
<!DOCTYPE HTML PUBLIC "-//IETF//DTD HTML 2.0//EN">
<html><head>
<title>403 Forbidden</title>
</head><body>
<h1>Forbidden</h1>
<p>You don't have permission to access this resource.</p>
<hr>
<address>Apache/2.4.52 (Ubuntu) Server at localhost Port 80</address>
</body></html>

--fd5c7a7d-H--
Message: Warning. Pattern match "(?i)(?:^|b[\"'\\)\\[\\x5c]*(?:(?:(?:\\|\\||&&)[\\s\\x0b]*)?\\$[!#\\(\\*\\-0-9\\?@_a-\\{]*)?\\x5c?u[\"'\\)\\[\\x5c]*(?:(?:(?:\\|\\||&&)[\\s\\x0b]*)?\\$[!#\\(\\*\\-0-9\\?@_a-\\{]*)?\\x5c?s[\"'\\)\\[\\x5c]*(?:(?:(?:\\|\\||&&)[\\s\\x0b]*)?\\$[!#\\(\\*\\-0- ..." at ARGS:username. [file "/usr/share/modsecurity-crs/rules/REQUEST-932-APPLICATION-ATTACK-RCE.conf"] [line "498"] [id "932260"] [msg "Remote Command Execution: Direct Unix Command Execution"] [data "Matched Data: whoami found within ARGS:username: whoami"] [severity "CRITICAL"] [ver "OWASP_CRS/4.2.0-dev"] [tag "application-multi"] [tag "language-shell"] [tag "platform-unix"] [tag "attack-rce"] [tag "paranoia-level/1"] [tag "OWASP_CRS"] [tag "capec/1000/152/248/88"] [tag "PCI/6.5.2"]
Message: Access denied with code 403 (phase 2). Operator GE matched 5 at TX:blocking_inbound_anomaly_score. [file "/usr/share/modsecurity-crs/rules/REQUEST-949-BLOCKING-EVALUATION.conf"] [line "233"] [id "949110"] [msg "Inbound Anomaly Score Exceeded (Total Score: 5)"] [ver "OWASP_CRS/4.2.0-dev"] [tag "anomaly-evaluation"] [tag "OWASP_CRS"]
Message: Warning. Unconditional match in SecAction. [file "/usr/share/modsecurity-crs/rules/RESPONSE-980-CORRELATION.conf"] [line "98"] [id "980170"] [msg "Anomaly Scores: (Inbound Scores: blocking=5, detection=5, per_pl=5-0-0-0, threshold=5) - (Outbound Scores: blocking=0, detection=0, per_pl=0-0-0-0, threshold=4) - (SQLI=0, XSS=0, RFI=0, LFI=0, RCE=5, PHPI=0, HTTP=0, SESS=0, COMBINED_SCORE=5)"] [ver "OWASP_CRS/4.2.0-dev"] [tag "reporting"] [tag "OWASP_CRS"]
Apache-Error: [file "apache2_util.c"] [line 271] [level 3] [client 127.0.0.1] ModSecurity: Warning. Pattern match "(?i)(?:^|b[\\\\"'\\\\\\\\)\\\\\\\\[\\\\\\\\x5c]*(?:(?:(?:\\\\\\\\|\\\\\\\\||&&)[\\\\\\\\s\\\\\\\\x0b]*)?\\\\\\\\$[!#\\\\\\\\(\\\\\\\\*\\\\\\\\-0-9\\\\\\\\?@_a-\\\\\\\\{]*)?\\\\\\\\x5c?u[\\\\"'\\\\\\\\)\\\\\\\\[\\\\\\\\x5c]*(?:(?:(?:\\\\\\\\|\\\\\\\\||&&)[\\\\\\\\s\\\\\\\\x0b]*)?\\\\\\\\$[!#\\\\\\\\(\\\\\\\\*\\\\\\\\-0-9\\\\\\\\?@_a-\\\\\\\\{]*)?\\\\\\\\x5c?s[\\\\"'\\\\\\\\)\\\\\\\\[\\\\\\\\x5c]*(?:(?:(?:\\\\\\\\|\\\\\\\\||&&)[\\\\\\\\s\\\\\\\\x0b]*)?\\\\\\\\$[!#\\\\\\\\(\\\\\\\\*\\\\\\\\-0- ..." at ARGS:username. [file "/usr/share/modsecurity-crs/rules/REQUEST-932-APPLICATION-ATTACK-RCE.conf"] [line "498"] [id "932260"] [msg "Remote Command Execution: Direct Unix Command Execution"] [data "Matched Data: whoami found within ARGS:username: whoami"] [severity "CRITICAL"] [ver "OWASP_CRS/4.2.0-dev"] [tag "application-multi"] [tag "language-shell"] [tag "platform-unix"] [tag "attack-rce"] [tag "paranoia-level/1"] [tag "OWASP_CRS"] [tag "capec/1000/152/248/88"] [tag "PCI/6.5.2"] [hostname "localhost"] [uri "/"] [unique_id "ZiILLwn7P_gWQqiIz8D_KwAAAAk"]
Apache-Error: [file "apache2_util.c"] [line 271] [level 3] [client 127.0.0.1] ModSecurity: Access denied with code 403 (phase 2). Operator GE matched 5 at TX:blocking_inbound_anomaly_score. [file "/usr/share/modsecurity-crs/rules/REQUEST-949-BLOCKING-EVALUATION.conf"] [line "233"] [id "949110"] [msg "Inbound Anomaly Score Exceeded (Total Score: 5)"] [ver "OWASP_CRS/4.2.0-dev"] [tag "anomaly-evaluation"] [tag "OWASP_CRS"] [hostname "localhost"] [uri "/"] [unique_id "ZiILLwn7P_gWQqiIz8D_KwAAAAk"]
Apache-Error: [file "apache2_util.c"] [line 271] [level 3] [client 127.0.0.1] ModSecurity: Warning. Unconditional match in SecAction. [file "/usr/share/modsecurity-crs/rules/RESPONSE-980-CORRELATION.conf"] [line "98"] [id "980170"] [msg "Anomaly Scores: (Inbound Scores: blocking=5, detection=5, per_pl=5-0-0-0, threshold=5) - (Outbound Scores: blocking=0, detection=0, per_pl=0-0-0-0, threshold=4) - (SQLI=0, XSS=0, RFI=0, LFI=0, RCE=5, PHPI=0, HTTP=0, SESS=0, COMBINED_SCORE=5)"] [ver "OWASP_CRS/4.2.0-dev"] [tag "reporting"] [tag "OWASP_CRS"] [hostname "localhost"] [uri "/"] [unique_id "ZiILLwn7P_gWQqiIz8D_KwAAAAk"]
Action: Intercepted (phase 2)
Stopwatch: 1713507119739798 1379 (- - -)
Stopwatch2: 1713507119739798 1379; combined=1100, p1=342, p2=648, p3=0, p4=0, p5=109, sr=0, sw=1, l=0, gc=0
Response-Body-Transformed: Dechunked
Producer: ModSecurity for Apache/2.9.5 (http://www.modsecurity.org/); OWASP_CRS/4.2.0-dev.
Server: Apache/2.4.52 (Ubuntu)
Engine-Mode: "ENABLED"

--fd5c7a7d-Z--

--4757dc5b-A--
[19/Apr/2024:13:12:31.128932 +0700] ZiILTwn7P_gWQqiIz8D_LAAAAAo 127.0.0.1 52914 127.0.0.1 80
--4757dc5b-B--
GET /?username=<script>alert(1)</script> HTTP/1.1
Host: localhost
User-Agent: curl/7.81.0
Accept: */*

--4757dc5b-F--
HTTP/1.1 403 Forbidden
Content-Length: 274
Content-Type: text/html; charset=iso-8859-1

--4757dc5b-E--
<!DOCTYPE HTML PUBLIC "-//IETF//DTD HTML 2.0//EN">
<html><head>
<title>403 Forbidden</title>
</head><body>
<h1>Forbidden</h1>
<p>You don't have permission to access this resource.</p>
<hr>
<address>Apache/2.4.52 (Ubuntu) Server at localhost Port 80</address>
</body></html>

--4757dc5b-H--
Message: Warning. detected XSS using libinjection. [file "/usr/share/modsecurity-crs/rules/REQUEST-941-APPLICATION-ATTACK-XSS.conf"] [line "100"] [id "941100"] [msg "XSS Attack Detected via libinjection"] [data "Matched Data: XSS data found within ARGS:username: <script>alert(1)</script>"] [severity "CRITICAL"] [ver "OWASP_CRS/4.2.0-dev"] [tag "application-multi"] [tag "language-multi"] [tag "platform-multi"] [tag "attack-xss"] [tag "xss-perf-disable"] [tag "paranoia-level/1"] [tag "OWASP_CRS"] [tag "capec/1000/152/242"]
Message: Warning. Pattern match "(?i)<script[^>]*>[\\s\\S]*?" at ARGS:username. [file "/usr/share/modsecurity-crs/rules/REQUEST-941-APPLICATION-ATTACK-XSS.conf"] [line "127"] [id "941110"] [msg "XSS Filter - Category 1: Script Tag Vector"] [data "Matched Data: <script> found within ARGS:username: <script>alert(1)</script>"] [severity "CRITICAL"] [ver "OWASP_CRS/4.2.0-dev"] [tag "application-multi"] [tag "language-multi"] [tag "platform-multi"] [tag "attack-xss"] [tag "xss-perf-disable"] [tag "paranoia-level/1"] [tag "OWASP_CRS"] [tag "capec/1000/152/242"]
Message: Warning. Pattern match "(?i)<[^0-9<>A-Z_a-z]*(?:[^\\s\\x0b\"'<>]*:)?[^0-9<>A-Z_a-z]*[^0-9A-Z_a-z]*?(?:s[^0-9A-Z_a-z]*?(?:c[^0-9A-Z_a-z]*?r[^0-9A-Z_a-z]*?i[^0-9A-Z_a-z]*?p[^0-9A-Z_a-z]*?t|t[^0-9A-Z_a-z]*?y[^0-9A-Z_a-z]*?l[^0-9A-Z_a-z]*?e|v[^0-9A-Z_a-z]*?g|e[^0-9A-Z_a-z]*?t[^0- ..." at ARGS:username. [file "/usr/share/modsecurity-crs/rules/REQUEST-941-APPLICATION-ATTACK-XSS.conf"] [line "219"] [id "941160"] [msg "NoScript XSS InjectionChecker: HTML Injection"] [data "Matched Data: <script found within ARGS:username: <script>alert(1)</script>"] [severity "CRITICAL"] [ver "OWASP_CRS/4.2.0-dev"] [tag "application-multi"] [tag "language-multi"] [tag "platform-multi"] [tag "attack-xss"] [tag "xss-perf-disable"] [tag "paranoia-level/1"] [tag "OWASP_CRS"] [tag "capec/1000/152/242"]
Message: Warning. Pattern match "(?i)\\b(?:eval|set(?:timeout|interval)|new[\\s\\x0b]+Function|a(?:lert|tob)|btoa|prompt|confirm)[\\s\\x0b]*\\(" at ARGS:username. [file "/usr/share/modsecurity-crs/rules/REQUEST-941-APPLICATION-ATTACK-XSS.conf"] [line "732"] [id "941390"] [msg "Javascript method detected"] [data "Matched Data: alert( found within ARGS:username: <script>alert(1)</script>"] [severity "CRITICAL"] [ver "OWASP_CRS/4.2.0-dev"] [tag "application-multi"] [tag "language-multi"] [tag "attack-xss"] [tag "xss-perf-disable"] [tag "paranoia-level/1"] [tag "OWASP_CRS"] [tag "capec/1000/152/242"]
Message: Access denied with code 403 (phase 2). Operator GE matched 5 at TX:blocking_inbound_anomaly_score. [file "/usr/share/modsecurity-crs/rules/REQUEST-949-BLOCKING-EVALUATION.conf"] [line "233"] [id "949110"] [msg "Inbound Anomaly Score Exceeded (Total Score: 20)"] [ver "OWASP_CRS/4.2.0-dev"] [tag "anomaly-evaluation"] [tag "OWASP_CRS"]
Message: Warning. Unconditional match in SecAction. [file "/usr/share/modsecurity-crs/rules/RESPONSE-980-CORRELATION.conf"] [line "98"] [id "980170"] [msg "Anomaly Scores: (Inbound Scores: blocking=20, detection=20, per_pl=20-0-0-0, threshold=5) - (Outbound Scores: blocking=0, detection=0, per_pl=0-0-0-0, threshold=4) - (SQLI=0, XSS=20, RFI=0, LFI=0, RCE=0, PHPI=0, HTTP=0, SESS=0, COMBINED_SCORE=20)"] [ver "OWASP_CRS/4.2.0-dev"] [tag "reporting"] [tag "OWASP_CRS"]
Apache-Error: [file "apache2_util.c"] [line 271] [level 3] [client 127.0.0.1] ModSecurity: Warning. detected XSS using libinjection. [file "/usr/share/modsecurity-crs/rules/REQUEST-941-APPLICATION-ATTACK-XSS.conf"] [line "100"] [id "941100"] [msg "XSS Attack Detected via libinjection"] [data "Matched Data: XSS data found within ARGS:username: <script>alert(1)</script>"] [severity "CRITICAL"] [ver "OWASP_CRS/4.2.0-dev"] [tag "application-multi"] [tag "language-multi"] [tag "platform-multi"] [tag "attack-xss"] [tag "xss-perf-disable"] [tag "paranoia-level/1"] [tag "OWASP_CRS"] [tag "capec/1000/152/242"] [hostname "localhost"] [uri "/"] [unique_id "ZiILTwn7P_gWQqiIz8D_LAAAAAo"]
Apache-Error: [file "apache2_util.c"] [line 271] [level 3] [client 127.0.0.1] ModSecurity: Warning. Pattern match "(?i)<script[^>]*>[\\\\\\\\s\\\\\\\\S]*?" at ARGS:username. [file "/usr/share/modsecurity-crs/rules/REQUEST-941-APPLICATION-ATTACK-XSS.conf"] [line "127"] [id "941110"] [msg "XSS Filter - Category 1: Script Tag Vector"] [data "Matched Data: <script> found within ARGS:username: <script>alert(1)</script>"] [severity "CRITICAL"] [ver "OWASP_CRS/4.2.0-dev"] [tag "application-multi"] [tag "language-multi"] [tag "platform-multi"] [tag "attack-xss"] [tag "xss-perf-disable"] [tag "paranoia-level/1"] [tag "OWASP_CRS"] [tag "capec/1000/152/242"] [hostname "localhost"] [uri "/"] [unique_id "ZiILTwn7P_gWQqiIz8D_LAAAAAo"]
Apache-Error: [file "apache2_util.c"] [line 271] [level 3] [client 127.0.0.1] ModSecurity: Warning. Pattern match "(?i)<[^0-9<>A-Z_a-z]*(?:[^\\\\\\\\s\\\\\\\\x0b\\\\"'<>]*:)?[^0-9<>A-Z_a-z]*[^0-9A-Z_a-z]*?(?:s[^0-9A-Z_a-z]*?(?:c[^0-9A-Z_a-z]*?r[^0-9A-Z_a-z]*?i[^0-9A-Z_a-z]*?p[^0-9A-Z_a-z]*?t|t[^0-9A-Z_a-z]*?y[^0-9A-Z_a-z]*?l[^0-9A-Z_a-z]*?e|v[^0-9A-Z_a-z]*?g|e[^0-9A-Z_a-z]*?t[^0- ..." at ARGS:username. [file "/usr/share/modsecurity-crs/rules/REQUEST-941-APPLICATION-ATTACK-XSS.conf"] [line "219"] [id "941160"] [msg "NoScript XSS InjectionChecker: HTML Injection"] [data "Matched Data: <script found within ARGS:username: <script>alert(1)</script>"] [severity "CRITICAL"] [ver "OWASP_CRS/4.2.0-dev"] [tag "application-multi"] [tag "language-multi"] [tag "platform-multi"] [tag "attack-xss"] [tag "xss-perf-disable"] [tag "paranoia-level/1"] [tag "OWASP_CRS"] [tag "capec/1000/152/242"] [hostname "localhost"] [uri "/"] [unique_id "ZiILTwn7P_gWQqiIz8D_LAAAAAo"]
Apache-Error: [file "apache2_util.c"] [line 271] [level 3] [client 127.0.0.1] ModSecurity: Warning. Pattern match "(?i)\\\\\\\\b(?:eval|set(?:timeout|interval)|new[\\\\\\\\s\\\\\\\\x0b]+Function|a(?:lert|tob)|btoa|prompt|confirm)[\\\\\\\\s\\\\\\\\x0b]*\\\\\\\\(" at ARGS:username. [file "/usr/share/modsecurity-crs/rules/REQUEST-941-APPLICATION-ATTACK-XSS.conf"] [line "732"] [id "941390"] [msg "Javascript method detected"] [data "Matched Data: alert( found within ARGS:username: <script>alert(1)</script>"] [severity "CRITICAL"] [ver "OWASP_CRS/4.2.0-dev"] [tag "application-multi"] [tag "language-multi"] [tag "attack-xss"] [tag "xss-perf-disable"] [tag "paranoia-level/1"] [tag "OWASP_CRS"] [tag "capec/1000/152/242"] [hostname "localhost"] [uri "/"] [unique_id "ZiILTwn7P_gWQqiIz8D_LAAAAAo"]
Apache-Error: [file "apache2_util.c"] [line 271] [level 3] [client 127.0.0.1] ModSecurity: Access denied with code 403 (phase 2). Operator GE matched 5 at TX:blocking_inbound_anomaly_score. [file "/usr/share/modsecurity-crs/rules/REQUEST-949-BLOCKING-EVALUATION.conf"] [line "233"] [id "949110"] [msg "Inbound Anomaly Score Exceeded (Total Score: 20)"] [ver "OWASP_CRS/4.2.0-dev"] [tag "anomaly-evaluation"] [tag "OWASP_CRS"] [hostname "localhost"] [uri "/"] [unique_id "ZiILTwn7P_gWQqiIz8D_LAAAAAo"]
Apache-Error: [file "apache2_util.c"] [line 271] [level 3] [client 127.0.0.1] ModSecurity: Warning. Unconditional match in SecAction. [file "/usr/share/modsecurity-crs/rules/RESPONSE-980-CORRELATION.conf"] [line "98"] [id "980170"] [msg "Anomaly Scores: (Inbound Scores: blocking=20, detection=20, per_pl=20-0-0-0, threshold=5) - (Outbound Scores: blocking=0, detection=0, per_pl=0-0-0-0, threshold=4) - (SQLI=0, XSS=20, RFI=0, LFI=0, RCE=0, PHPI=0, HTTP=0, SESS=0, COMBINED_SCORE=20)"] [ver "OWASP_CRS/4.2.0-dev"] [tag "reporting"] [tag "OWASP_CRS"] [hostname "localhost"] [uri "/"] [unique_id "ZiILTwn7P_gWQqiIz8D_LAAAAAo"]
Action: Intercepted (phase 2)
Stopwatch: 1713507151127679 1267 (- - -)
Stopwatch2: 1713507151127679 1267; combined=1006, p1=346, p2=573, p3=0, p4=0, p5=87, sr=0, sw=0, l=0, gc=0
Response-Body-Transformed: Dechunked
Producer: ModSecurity for Apache/2.9.5 (http://www.modsecurity.org/); OWASP_CRS/4.2.0-dev.
Server: Apache/2.4.52 (Ubuntu)
Engine-Mode: "ENABLED"

--4757dc5b-Z--

--789bcc52-A--
[19/Apr/2024:13:12:48.004616 +0700] ZiILYAn7P_gWQqiIz8D_LQAAAA0 127.0.0.1 38854 127.0.0.1 80
--789bcc52-B--
GET /?username='+or+1=1--+- HTTP/1.1
Host: localhost
User-Agent: curl/7.81.0
Accept: */*

--789bcc52-F--
HTTP/1.1 403 Forbidden
Content-Length: 274
Content-Type: text/html; charset=iso-8859-1

--789bcc52-E--
<!DOCTYPE HTML PUBLIC "-//IETF//DTD HTML 2.0//EN">
<html><head>
<title>403 Forbidden</title>
</head><body>
<h1>Forbidden</h1>
<p>You don't have permission to access this resource.</p>
<hr>
<address>Apache/2.4.52 (Ubuntu) Server at localhost Port 80</address>
</body></html>

--789bcc52-H--
Message: Warning. detected SQLi using libinjection with fingerprint 's&1c' [file "/usr/share/modsecurity-crs/rules/REQUEST-942-APPLICATION-ATTACK-SQLI.conf"] [line "66"] [id "942100"] [msg "SQL Injection Attack Detected via libinjection"] [data "Matched Data: s&1c found within ARGS:username: ' or 1=1-- -"] [severity "CRITICAL"] [ver "OWASP_CRS/4.2.0-dev"] [tag "application-multi"] [tag "language-multi"] [tag "platform-multi"] [tag "attack-sqli"] [tag "paranoia-level/1"] [tag "OWASP_CRS"] [tag "capec/1000/152/248/66"] [tag "PCI/6.5.2"]
Message: Access denied with code 403 (phase 2). Operator GE matched 5 at TX:blocking_inbound_anomaly_score. [file "/usr/share/modsecurity-crs/rules/REQUEST-949-BLOCKING-EVALUATION.conf"] [line "233"] [id "949110"] [msg "Inbound Anomaly Score Exceeded (Total Score: 5)"] [ver "OWASP_CRS/4.2.0-dev"] [tag "anomaly-evaluation"] [tag "OWASP_CRS"]
Message: Warning. Unconditional match in SecAction. [file "/usr/share/modsecurity-crs/rules/RESPONSE-980-CORRELATION.conf"] [line "98"] [id "980170"] [msg "Anomaly Scores: (Inbound Scores: blocking=5, detection=5, per_pl=5-0-0-0, threshold=5) - (Outbound Scores: blocking=0, detection=0, per_pl=0-0-0-0, threshold=4) - (SQLI=5, XSS=0, RFI=0, LFI=0, RCE=0, PHPI=0, HTTP=0, SESS=0, COMBINED_SCORE=5)"] [ver "OWASP_CRS/4.2.0-dev"] [tag "reporting"] [tag "OWASP_CRS"]
Apache-Error: [file "apache2_util.c"] [line 271] [level 3] [client 127.0.0.1] ModSecurity: Warning. detected SQLi using libinjection with fingerprint 's&1c' [file "/usr/share/modsecurity-crs/rules/REQUEST-942-APPLICATION-ATTACK-SQLI.conf"] [line "66"] [id "942100"] [msg "SQL Injection Attack Detected via libinjection"] [data "Matched Data: s&1c found within ARGS:username: ' or 1=1-- -"] [severity "CRITICAL"] [ver "OWASP_CRS/4.2.0-dev"] [tag "application-multi"] [tag "language-multi"] [tag "platform-multi"] [tag "attack-sqli"] [tag "paranoia-level/1"] [tag "OWASP_CRS"] [tag "capec/1000/152/248/66"] [tag "PCI/6.5.2"] [hostname "localhost"] [uri "/"] [unique_id "ZiILYAn7P_gWQqiIz8D_LQAAAA0"]
Apache-Error: [file "apache2_util.c"] [line 271] [level 3] [client 127.0.0.1] ModSecurity: Access denied with code 403 (phase 2). Operator GE matched 5 at TX:blocking_inbound_anomaly_score. [file "/usr/share/modsecurity-crs/rules/REQUEST-949-BLOCKING-EVALUATION.conf"] [line "233"] [id "949110"] [msg "Inbound Anomaly Score Exceeded (Total Score: 5)"] [ver "OWASP_CRS/4.2.0-dev"] [tag "anomaly-evaluation"] [tag "OWASP_CRS"] [hostname "localhost"] [uri "/"] [unique_id "ZiILYAn7P_gWQqiIz8D_LQAAAA0"]
Apache-Error: [file "apache2_util.c"] [line 271] [level 3] [client 127.0.0.1] ModSecurity: Warning. Unconditional match in SecAction. [file "/usr/share/modsecurity-crs/rules/RESPONSE-980-CORRELATION.conf"] [line "98"] [id "980170"] [msg "Anomaly Scores: (Inbound Scores: blocking=5, detection=5, per_pl=5-0-0-0, threshold=5) - (Outbound Scores: blocking=0, detection=0, per_pl=0-0-0-0, threshold=4) - (SQLI=5, XSS=0, RFI=0, LFI=0, RCE=0, PHPI=0, HTTP=0, SESS=0, COMBINED_SCORE=5)"] [ver "OWASP_CRS/4.2.0-dev"] [tag "reporting"] [tag "OWASP_CRS"] [hostname "localhost"] [uri "/"] [unique_id "ZiILYAn7P_gWQqiIz8D_LQAAAA0"]
Action: Intercepted (phase 2)
Stopwatch: 1713507168003398 1231 (- - -)
Stopwatch2: 1713507168003398 1231; combined=933, p1=360, p2=482, p3=0, p4=0, p5=90, sr=0, sw=1, l=0, gc=0
Response-Body-Transformed: Dechunked
Producer: ModSecurity for Apache/2.9.5 (http://www.modsecurity.org/); OWASP_CRS/4.2.0-dev.
Server: Apache/2.4.52 (Ubuntu)
Engine-Mode: "ENABLED"

--789bcc52-Z--

--8d17de6c-A--
[19/Apr/2024:13:12:49.804227 +0700] ZiILYQn7P_gWQqiIz8D_LgAAAA8 127.0.0.1 38868 127.0.0.1 80
--8d17de6c-B--
GET /?username='+or+1=1--+- HTTP/1.1
Host: localhost
User-Agent: curl/7.81.0
Accept: */*

--8d17de6c-F--
HTTP/1.1 403 Forbidden
Content-Length: 274
Content-Type: text/html; charset=iso-8859-1

--8d17de6c-E--
<!DOCTYPE HTML PUBLIC "-//IETF//DTD HTML 2.0//EN">
<html><head>
<title>403 Forbidden</title>
</head><body>
<h1>Forbidden</h1>
<p>You don't have permission to access this resource.</p>
<hr>
<address>Apache/2.4.52 (Ubuntu) Server at localhost Port 80</address>
</body></html>

--8d17de6c-H--
Message: Warning. detected SQLi using libinjection with fingerprint 's&1c' [file "/usr/share/modsecurity-crs/rules/REQUEST-942-APPLICATION-ATTACK-SQLI.conf"] [line "66"] [id "942100"] [msg "SQL Injection Attack Detected via libinjection"] [data "Matched Data: s&1c found within ARGS:username: ' or 1=1-- -"] [severity "CRITICAL"] [ver "OWASP_CRS/4.2.0-dev"] [tag "application-multi"] [tag "language-multi"] [tag "platform-multi"] [tag "attack-sqli"] [tag "paranoia-level/1"] [tag "OWASP_CRS"] [tag "capec/1000/152/248/66"] [tag "PCI/6.5.2"]
Message: Access denied with code 403 (phase 2). Operator GE matched 5 at TX:blocking_inbound_anomaly_score. [file "/usr/share/modsecurity-crs/rules/REQUEST-949-BLOCKING-EVALUATION.conf"] [line "233"] [id "949110"] [msg "Inbound Anomaly Score Exceeded (Total Score: 5)"] [ver "OWASP_CRS/4.2.0-dev"] [tag "anomaly-evaluation"] [tag "OWASP_CRS"]
Message: Warning. Unconditional match in SecAction. [file "/usr/share/modsecurity-crs/rules/RESPONSE-980-CORRELATION.conf"] [line "98"] [id "980170"] [msg "Anomaly Scores: (Inbound Scores: blocking=5, detection=5, per_pl=5-0-0-0, threshold=5) - (Outbound Scores: blocking=0, detection=0, per_pl=0-0-0-0, threshold=4) - (SQLI=5, XSS=0, RFI=0, LFI=0, RCE=0, PHPI=0, HTTP=0, SESS=0, COMBINED_SCORE=5)"] [ver "OWASP_CRS/4.2.0-dev"] [tag "reporting"] [tag "OWASP_CRS"]
Apache-Error: [file "apache2_util.c"] [line 271] [level 3] [client 127.0.0.1] ModSecurity: Warning. detected SQLi using libinjection with fingerprint 's&1c' [file "/usr/share/modsecurity-crs/rules/REQUEST-942-APPLICATION-ATTACK-SQLI.conf"] [line "66"] [id "942100"] [msg "SQL Injection Attack Detected via libinjection"] [data "Matched Data: s&1c found within ARGS:username: ' or 1=1-- -"] [severity "CRITICAL"] [ver "OWASP_CRS/4.2.0-dev"] [tag "application-multi"] [tag "language-multi"] [tag "platform-multi"] [tag "attack-sqli"] [tag "paranoia-level/1"] [tag "OWASP_CRS"] [tag "capec/1000/152/248/66"] [tag "PCI/6.5.2"] [hostname "localhost"] [uri "/"] [unique_id "ZiILYQn7P_gWQqiIz8D_LgAAAA8"]
Apache-Error: [file "apache2_util.c"] [line 271] [level 3] [client 127.0.0.1] ModSecurity: Access denied with code 403 (phase 2). Operator GE matched 5 at TX:blocking_inbound_anomaly_score. [file "/usr/share/modsecurity-crs/rules/REQUEST-949-BLOCKING-EVALUATION.conf"] [line "233"] [id "949110"] [msg "Inbound Anomaly Score Exceeded (Total Score: 5)"] [ver "OWASP_CRS/4.2.0-dev"] [tag "anomaly-evaluation"] [tag "OWASP_CRS"] [hostname "localhost"] [uri "/"] [unique_id "ZiILYQn7P_gWQqiIz8D_LgAAAA8"]
Apache-Error: [file "apache2_util.c"] [line 271] [level 3] [client 127.0.0.1] ModSecurity: Warning. Unconditional match in SecAction. [file "/usr/share/modsecurity-crs/rules/RESPONSE-980-CORRELATION.conf"] [line "98"] [id "980170"] [msg "Anomaly Scores: (Inbound Scores: blocking=5, detection=5, per_pl=5-0-0-0, threshold=5) - (Outbound Scores: blocking=0, detection=0, per_pl=0-0-0-0, threshold=4) - (SQLI=5, XSS=0, RFI=0, LFI=0, RCE=0, PHPI=0, HTTP=0, SESS=0, COMBINED_SCORE=5)"] [ver "OWASP_CRS/4.2.0-dev"] [tag "reporting"] [tag "OWASP_CRS"] [hostname "localhost"] [uri "/"] [unique_id "ZiILYQn7P_gWQqiIz8D_LgAAAA8"]
Action: Intercepted (phase 2)
Stopwatch: 1713507169803064 1176 (- - -)
Stopwatch2: 1713507169803064 1176; combined=966, p1=346, p2=533, p3=0, p4=0, p5=87, sr=0, sw=0, l=0, gc=0
Response-Body-Transformed: Dechunked
Producer: ModSecurity for Apache/2.9.5 (http://www.modsecurity.org/); OWASP_CRS/4.2.0-dev.
Server: Apache/2.4.52 (Ubuntu)
Engine-Mode: "ENABLED"

--8d17de6c-Z--

--b9781a59-A--
[19/Apr/2024:13:12:50.119773 +0700] ZiILYgn7P_gWQqiIz8D_LwAAABQ 127.0.0.1 38884 127.0.0.1 80
--b9781a59-B--
GET /?username='+or+1=1--+- HTTP/1.1
Host: localhost
User-Agent: curl/7.81.0
Accept: */*

--b9781a59-F--
HTTP/1.1 403 Forbidden
Content-Length: 274
Content-Type: text/html; charset=iso-8859-1

--b9781a59-E--
<!DOCTYPE HTML PUBLIC "-//IETF//DTD HTML 2.0//EN">
<html><head>
<title>403 Forbidden</title>
</head><body>
<h1>Forbidden</h1>
<p>You don't have permission to access this resource.</p>
<hr>
<address>Apache/2.4.52 (Ubuntu) Server at localhost Port 80</address>
</body></html>

--b9781a59-H--
Message: Warning. detected SQLi using libinjection with fingerprint 's&1c' [file "/usr/share/modsecurity-crs/rules/REQUEST-942-APPLICATION-ATTACK-SQLI.conf"] [line "66"] [id "942100"] [msg "SQL Injection Attack Detected via libinjection"] [data "Matched Data: s&1c found within ARGS:username: ' or 1=1-- -"] [severity "CRITICAL"] [ver "OWASP_CRS/4.2.0-dev"] [tag "application-multi"] [tag "language-multi"] [tag "platform-multi"] [tag "attack-sqli"] [tag "paranoia-level/1"] [tag "OWASP_CRS"] [tag "capec/1000/152/248/66"] [tag "PCI/6.5.2"]
Message: Access denied with code 403 (phase 2). Operator GE matched 5 at TX:blocking_inbound_anomaly_score. [file "/usr/share/modsecurity-crs/rules/REQUEST-949-BLOCKING-EVALUATION.conf"] [line "233"] [id "949110"] [msg "Inbound Anomaly Score Exceeded (Total Score: 5)"] [ver "OWASP_CRS/4.2.0-dev"] [tag "anomaly-evaluation"] [tag "OWASP_CRS"]
Message: Warning. Unconditional match in SecAction. [file "/usr/share/modsecurity-crs/rules/RESPONSE-980-CORRELATION.conf"] [line "98"] [id "980170"] [msg "Anomaly Scores: (Inbound Scores: blocking=5, detection=5, per_pl=5-0-0-0, threshold=5) - (Outbound Scores: blocking=0, detection=0, per_pl=0-0-0-0, threshold=4) - (SQLI=5, XSS=0, RFI=0, LFI=0, RCE=0, PHPI=0, HTTP=0, SESS=0, COMBINED_SCORE=5)"] [ver "OWASP_CRS/4.2.0-dev"] [tag "reporting"] [tag "OWASP_CRS"]
Apache-Error: [file "apache2_util.c"] [line 271] [level 3] [client 127.0.0.1] ModSecurity: Warning. detected SQLi using libinjection with fingerprint 's&1c' [file "/usr/share/modsecurity-crs/rules/REQUEST-942-APPLICATION-ATTACK-SQLI.conf"] [line "66"] [id "942100"] [msg "SQL Injection Attack Detected via libinjection"] [data "Matched Data: s&1c found within ARGS:username: ' or 1=1-- -"] [severity "CRITICAL"] [ver "OWASP_CRS/4.2.0-dev"] [tag "application-multi"] [tag "language-multi"] [tag "platform-multi"] [tag "attack-sqli"] [tag "paranoia-level/1"] [tag "OWASP_CRS"] [tag "capec/1000/152/248/66"] [tag "PCI/6.5.2"] [hostname "localhost"] [uri "/"] [unique_id "ZiILYgn7P_gWQqiIz8D_LwAAABQ"]
Apache-Error: [file "apache2_util.c"] [line 271] [level 3] [client 127.0.0.1] ModSecurity: Access denied with code 403 (phase 2). Operator GE matched 5 at TX:blocking_inbound_anomaly_score. [file "/usr/share/modsecurity-crs/rules/REQUEST-949-BLOCKING-EVALUATION.conf"] [line "233"] [id "949110"] [msg "Inbound Anomaly Score Exceeded (Total Score: 5)"] [ver "OWASP_CRS/4.2.0-dev"] [tag "anomaly-evaluation"] [tag "OWASP_CRS"] [hostname "localhost"] [uri "/"] [unique_id "ZiILYgn7P_gWQqiIz8D_LwAAABQ"]
Apache-Error: [file "apache2_util.c"] [line 271] [level 3] [client 127.0.0.1] ModSecurity: Warning. Unconditional match in SecAction. [file "/usr/share/modsecurity-crs/rules/RESPONSE-980-CORRELATION.conf"] [line "98"] [id "980170"] [msg "Anomaly Scores: (Inbound Scores: blocking=5, detection=5, per_pl=5-0-0-0, threshold=5) - (Outbound Scores: blocking=0, detection=0, per_pl=0-0-0-0, threshold=4) - (SQLI=5, XSS=0, RFI=0, LFI=0, RCE=0, PHPI=0, HTTP=0, SESS=0, COMBINED_SCORE=5)"] [ver "OWASP_CRS/4.2.0-dev"] [tag "reporting"] [tag "OWASP_CRS"] [hostname "localhost"] [uri "/"] [unique_id "ZiILYgn7P_gWQqiIz8D_LwAAABQ"]
Action: Intercepted (phase 2)
Stopwatch: 1713507170118715 1070 (- - -)
Stopwatch2: 1713507170118715 1070; combined=876, p1=343, p2=462, p3=0, p4=0, p5=71, sr=0, sw=0, l=0, gc=0
Response-Body-Transformed: Dechunked
Producer: ModSecurity for Apache/2.9.5 (http://www.modsecurity.org/); OWASP_CRS/4.2.0-dev.
Server: Apache/2.4.52 (Ubuntu)
Engine-Mode: "ENABLED"

--b9781a59-Z--

